<?xml version="1.0" encoding="UTF-8"?>
<testng-results ignored="0" total="1" passed="1" failed="0" skipped="0">
  <reporter-output>
  </reporter-output>
  <suite started-at="2024-11-26T19:01:48 IST" name="Default suite" finished-at="2024-11-26T19:02:05 IST" duration-ms="16932">
    <groups>
    </groups>
    <test started-at="2024-11-26T19:01:48 IST" name="Default test" finished-at="2024-11-26T19:02:05 IST" duration-ms="16932">
      <class name="base.BaseTest">
        <test-method is-config="true" signature="setup()[pri:0, instance:base.BaseTest@77847718]" started-at="2024-11-26T19:01:48 IST" name="setup" finished-at="2024-11-26T19:01:55 IST" duration-ms="6486" status="PASS">
          <reporter-output>
          </reporter-output>
        </test-method> <!-- setup -->
        <test-method signature="Testing()[pri:0, instance:base.BaseTest@77847718]" started-at="2024-11-26T19:01:55 IST" name="Testing" finished-at="2024-11-26T19:02:05 IST" duration-ms="10051" status="PASS">
          <reporter-output>
          </reporter-output>
        </test-method> <!-- Testing -->
        <test-method is-config="true" signature="tearDown()[pri:0, instance:base.BaseTest@77847718]" started-at="2024-11-26T19:02:05 IST" name="tearDown" finished-at="2024-11-26T19:02:05 IST" duration-ms="315" status="PASS">
          <reporter-output>
          </reporter-output>
        </test-method> <!-- tearDown -->
      </class> <!-- base.BaseTest -->
    </test> <!-- Default test -->
  </suite> <!-- Default suite -->
</testng-results>
